<?xml version="1.0" encoding="UTF-8"?>
<!-- Generated by org.testng.reporters.JUnitXMLReporter -->
<testsuite ignored="1" hostname="DESKTOP-2Q2MD6U" failures="0" tests="1" name="add client test" time="60.875" errors="0" timestamp="2025-03-16T14:23:31 AST">
  <testcase classname="testCases.TC008_EditClientTest" name="VerifyEditClientWithValidData" time="52.011"/>
  <testcase classname="testCases.TC008_EditClientTest" name="verifyEditClient" time="0.0">
    <ignored/>
  </testcase> <!-- verifyEditClient -->
</testsuite> <!-- add client test -->
