<?xml version="1.0" encoding="UTF-8"?>
<testng-results ignored="0" total="1" passed="1" failed="0" skipped="0">
  <reporter-output>
  </reporter-output>
  <suite started-at="2025-03-16T14:22:30 AST" name="clients suite" finished-at="2025-03-16T14:23:30 AST" duration-ms="60875">
    <groups>
    </groups>
    <test started-at="2025-03-16T14:22:30 AST" name="add client test" finished-at="2025-03-16T14:23:30 AST" duration-ms="60875">
      <class name="testCases.TC008_EditClientTest">
        <test-method is-config="true" signature="setup(java.lang.String,java.lang.String)[pri:0, instance:testCases.TC008_EditClientTest@6273c5a4]" started-at="2025-03-16T14:22:30 AST" name="setup" finished-at="2025-03-16T14:22:38 AST" duration-ms="8646" status="PASS">
          <params>
            <param index="0">
              <value>
                <![CDATA[Window]]>
              </value>
            </param>
            <param index="1">
              <value>
                <![CDATA[chrome]]>
              </value>
            </param>
          </params>
          <reporter-output>
          </reporter-output>
        </test-method> <!-- setup -->
        <test-method signature="VerifyEditClientWithValidData()[pri:0, instance:testCases.TC008_EditClientTest@6273c5a4]" started-at="2025-03-16T14:22:38 AST" name="VerifyEditClientWithValidData" finished-at="2025-03-16T14:23:30 AST" duration-ms="52011" status="PASS">
          <reporter-output>
          </reporter-output>
        </test-method> <!-- VerifyEditClientWithValidData -->
        <test-method is-config="true" signature="tearDown()[pri:0, instance:testCases.TC008_EditClientTest@6273c5a4]" started-at="2025-03-16T14:23:30 AST" name="tearDown" finished-at="2025-03-16T14:23:30 AST" duration-ms="175" status="PASS">
          <reporter-output>
          </reporter-output>
        </test-method> <!-- tearDown -->
      </class> <!-- testCases.TC008_EditClientTest -->
    </test> <!-- add client test -->
  </suite> <!-- clients suite -->
</testng-results>
