<?xml version="1.0" encoding="UTF-8"?>
<testng-results ignored="0" total="2" passed="2" failed="0" skipped="0">
  <reporter-output>
  </reporter-output>
  <suite started-at="2024-12-22T16:01:02 AST" name="Logintestsuite" finished-at="2024-12-22T16:01:28 AST" duration-ms="26469">
    <groups>
    </groups>
    <test started-at="2024-12-22T16:01:02 AST" name="Login test" finished-at="2024-12-22T16:01:28 AST" duration-ms="26469">
      <class name="testCases.TC005_LoginTest">
        <test-method is-config="true" signature="setup(java.lang.String,java.lang.String)[pri:0, instance:testCases.TC005_LoginTest@76c7beb3]" started-at="2024-12-22T16:01:02 AST" name="setup" finished-at="2024-12-22T16:01:18 AST" duration-ms="16442" status="PASS">
          <params>
            <param index="0">
              <value>
                <![CDATA[Window]]>
              </value>
            </param>
            <param index="1">
              <value>
                <![CDATA[chrome]]>
              </value>
            </param>
          </params>
          <reporter-output>
          </reporter-output>
        </test-method> <!-- setup -->
        <test-method signature="verifyLoginWithValid()[pri:0, instance:testCases.TC005_LoginTest@76c7beb3]" started-at="2024-12-22T16:01:18 AST" name="verifyLoginWithValid" finished-at="2024-12-22T16:01:21 AST" duration-ms="2685" status="PASS">
          <reporter-output>
          </reporter-output>
        </test-method> <!-- verifyLoginWithValid -->
        <test-method is-config="true" signature="tearDown()[pri:0, instance:testCases.TC005_LoginTest@76c7beb3]" started-at="2024-12-22T16:01:21 AST" name="tearDown" finished-at="2024-12-22T16:01:21 AST" duration-ms="158" status="PASS">
          <reporter-output>
          </reporter-output>
        </test-method> <!-- tearDown -->
      </class> <!-- testCases.TC005_LoginTest -->
      <class name="testCases.TC006_LoginWithInvalid">
        <test-method is-config="true" signature="setup(java.lang.String,java.lang.String)[pri:0, instance:testCases.TC006_LoginWithInvalid@611df6e3]" started-at="2024-12-22T16:01:21 AST" name="setup" finished-at="2024-12-22T16:01:26 AST" duration-ms="5137" status="PASS">
          <params>
            <param index="0">
              <value>
                <![CDATA[Window]]>
              </value>
            </param>
            <param index="1">
              <value>
                <![CDATA[chrome]]>
              </value>
            </param>
          </params>
          <reporter-output>
          </reporter-output>
        </test-method> <!-- setup -->
        <test-method signature="verifyLoginWithInvalid()[pri:0, instance:testCases.TC006_LoginWithInvalid@611df6e3]" started-at="2024-12-22T16:01:26 AST" name="verifyLoginWithInvalid" finished-at="2024-12-22T16:01:28 AST" duration-ms="1831" status="PASS">
          <reporter-output>
          </reporter-output>
        </test-method> <!-- verifyLoginWithInvalid -->
        <test-method is-config="true" signature="tearDown()[pri:0, instance:testCases.TC006_LoginWithInvalid@611df6e3]" started-at="2024-12-22T16:01:28 AST" name="tearDown" finished-at="2024-12-22T16:01:28 AST" duration-ms="167" status="PASS">
          <reporter-output>
          </reporter-output>
        </test-method> <!-- tearDown -->
      </class> <!-- testCases.TC006_LoginWithInvalid -->
    </test> <!-- Login test -->
  </suite> <!-- Logintestsuite -->
</testng-results>
